#-----------------------------------------------------------
# Vivado v2015.2 (64-bit)
# SW Build 1266856 on Fri Jun 26 16:35:25 MDT 2015
# IP Build 1264090 on Wed Jun 24 14:22:01 MDT 2015
# Start of session at: Sat Nov 16 10:38:07 2019
# Process ID: 17332
# Log file: E:/Program Files_code/WORKSPACE_verilog_Vivado 2015.2/P9-2/vivado.log
# Journal file: E:/Program Files_code/WORKSPACE_verilog_Vivado 2015.2/P9-2\vivado.jou
#-----------------------------------------------------------
start_gui
open_project {E:/Program Files_code/WORKSPACE_verilog_Vivado 2015.2/P9-2/P9-2.xpr}
INFO: [Project 1-313] Project file moved from 'C:/P9-2' since last save.
Scanning sources...
Finished scanning sources
INFO: [Project 1-230] Project 'P9-2.xpr' upgraded for this version of Vivado.
INFO: [IP_Flow 19-234] Refreshing IP repositories
INFO: [IP_Flow 19-1704] No user IP repositories specified
INFO: [IP_Flow 19-2313] Loaded Vivado IP repository 'E:/Xilinx/Vivado/2015.2/data/ip'.
open_project: Time (s): cpu = 00:00:07 ; elapsed = 00:00:05 . Memory (MB): peak = 705.438 ; gain = 140.434
exit
INFO: [Common 17-206] Exiting Vivado at Sat Nov 16 10:39:47 2019...
