Vivado Simulator 2015.2
Copyright 1986-1999, 2001-2015 Xilinx, Inc. All Rights Reserved.
Running: E:/Xilinx/Vivado/2015.2/bin/unwrapped/win64.o/xelab.exe -wto f731baf84f21443c84e7612035ad88f6 --debug typical --relax --mt 2 -L xil_defaultlib -L unisims_ver -L unimacro_ver -L secureip --snapshot test_cmp_behav xil_defaultlib.test_cmp xil_defaultlib.glbl -log elaborate.log 
Using 2 slave threads.
Starting static elaboration
Completed static elaboration
Starting simulation data flow analysis
WARNING: [XSIM 43-4099] "E:/Program Files_code/WORKSPACE_verilog_Vivado 2015.2/P4-2/P4-2.srcs/sources_1/new/cmp.v" Line 1. Module cmp doesn't have a timescale but at least one module in design has a timescale.
WARNING: [XSIM 43-4099] "E:/Program Files_code/WORKSPACE_verilog_Vivado 2015.2/P4-2/P4-2.srcs/sources_1/new/cmpi.v" Line 1. Module cmpi doesn't have a timescale but at least one module in design has a timescale.
WARNING: [XSIM 43-4099] "E:/Program Files_code/WORKSPACE_verilog_Vivado 2015.2/P4-2/P4-2.srcs/sources_1/new/cmpi.v" Line 1. Module cmpi doesn't have a timescale but at least one module in design has a timescale.
WARNING: [XSIM 43-4099] "E:/Program Files_code/WORKSPACE_verilog_Vivado 2015.2/P4-2/P4-2.srcs/sources_1/new/cmpi.v" Line 1. Module cmpi doesn't have a timescale but at least one module in design has a timescale.
WARNING: [XSIM 43-4099] "E:/Program Files_code/WORKSPACE_verilog_Vivado 2015.2/P4-2/P4-2.srcs/sources_1/new/cmpi.v" Line 1. Module cmpi doesn't have a timescale but at least one module in design has a timescale.
WARNING: [XSIM 43-4099] "E:/Program Files_code/WORKSPACE_verilog_Vivado 2015.2/P4-2/P4-2.srcs/sources_1/new/cmp.v" Line 1. Module cmp doesn't have a timescale but at least one module in design has a timescale.
WARNING: [XSIM 43-4099] "E:/Program Files_code/WORKSPACE_verilog_Vivado 2015.2/P4-2/P4-2.srcs/sources_1/new/cmpi.v" Line 1. Module cmpi doesn't have a timescale but at least one module in design has a timescale.
WARNING: [XSIM 43-4099] "E:/Program Files_code/WORKSPACE_verilog_Vivado 2015.2/P4-2/P4-2.srcs/sources_1/new/cmpi.v" Line 1. Module cmpi doesn't have a timescale but at least one module in design has a timescale.
WARNING: [XSIM 43-4099] "E:/Program Files_code/WORKSPACE_verilog_Vivado 2015.2/P4-2/P4-2.srcs/sources_1/new/cmpi.v" Line 1. Module cmpi doesn't have a timescale but at least one module in design has a timescale.
WARNING: [XSIM 43-4099] "E:/Program Files_code/WORKSPACE_verilog_Vivado 2015.2/P4-2/P4-2.srcs/sources_1/new/cmpi.v" Line 1. Module cmpi doesn't have a timescale but at least one module in design has a timescale.
Completed simulation data flow analysis
Time Resolution for simulation is 1ps
Compiling module xil_defaultlib.cmpi
Compiling module xil_defaultlib.cmp
Compiling module xil_defaultlib.test_cmp
Compiling module xil_defaultlib.glbl
Waiting for 2 sub-compilation(s) to finish...
Built simulation snapshot test_cmp_behav
