Vivado Simulator 2015.2
Copyright 1986-1999, 2001-2015 Xilinx, Inc. All Rights Reserved.
Running: E:/Xilinx/Vivado/2015.2/bin/unwrapped/win64.o/xelab.exe -wto 01f7982a6c46422f99f34c84c0ceb1da --debug typical --relax --mt 2 -L xil_defaultlib -L unisims_ver -L unimacro_ver -L secureip --snapshot test_sub_adder32_behav xil_defaultlib.test_sub_adder32 xil_defaultlib.glbl -log elaborate.log 
Using 2 slave threads.
Starting static elaboration
Completed static elaboration
Starting simulation data flow analysis
WARNING: [XSIM 43-4099] "E:/Program Files_code/WORKSPACE_verilog_Vivado 2015.2/P7-3/P7-3.srcs/sources_1/new/sub_adder32.v" Line 1. Module sub_adder32 doesn't have a timescale but at least one module in design has a timescale.
WARNING: [XSIM 43-4099] "E:/Program Files_code/WORKSPACE_verilog_Vivado 2015.2/P7-3/P7-3.srcs/sources_1/new/adder32.v" Line 1. Module adder32 doesn't have a timescale but at least one module in design has a timescale.
WARNING: [XSIM 43-4099] "E:/Program Files_code/WORKSPACE_verilog_Vivado 2015.2/P7-3/P7-3.srcs/sources_1/new/PA4.v" Line 1. Module PA4 doesn't have a timescale but at least one module in design has a timescale.
WARNING: [XSIM 43-4099] "E:/Program Files_code/WORKSPACE_verilog_Vivado 2015.2/P7-3/P7-3.srcs/sources_1/new/PA4.v" Line 1. Module PA4 doesn't have a timescale but at least one module in design has a timescale.
WARNING: [XSIM 43-4099] "E:/Program Files_code/WORKSPACE_verilog_Vivado 2015.2/P7-3/P7-3.srcs/sources_1/new/PA4.v" Line 1. Module PA4 doesn't have a timescale but at least one module in design has a timescale.
WARNING: [XSIM 43-4099] "E:/Program Files_code/WORKSPACE_verilog_Vivado 2015.2/P7-3/P7-3.srcs/sources_1/new/PA4.v" Line 1. Module PA4 doesn't have a timescale but at least one module in design has a timescale.
WARNING: [XSIM 43-4099] "E:/Program Files_code/WORKSPACE_verilog_Vivado 2015.2/P7-3/P7-3.srcs/sources_1/new/PA4.v" Line 1. Module PA4 doesn't have a timescale but at least one module in design has a timescale.
WARNING: [XSIM 43-4099] "E:/Program Files_code/WORKSPACE_verilog_Vivado 2015.2/P7-3/P7-3.srcs/sources_1/new/PA4.v" Line 1. Module PA4 doesn't have a timescale but at least one module in design has a timescale.
WARNING: [XSIM 43-4099] "E:/Program Files_code/WORKSPACE_verilog_Vivado 2015.2/P7-3/P7-3.srcs/sources_1/new/PA4.v" Line 1. Module PA4 doesn't have a timescale but at least one module in design has a timescale.
WARNING: [XSIM 43-4099] "E:/Program Files_code/WORKSPACE_verilog_Vivado 2015.2/P7-3/P7-3.srcs/sources_1/new/PA4.v" Line 1. Module PA4 doesn't have a timescale but at least one module in design has a timescale.
WARNING: [XSIM 43-4099] "E:/Program Files_code/WORKSPACE_verilog_Vivado 2015.2/P7-3/P7-3.srcs/sources_1/new/sub_adder32.v" Line 1. Module sub_adder32 doesn't have a timescale but at least one module in design has a timescale.
WARNING: [XSIM 43-4099] "E:/Program Files_code/WORKSPACE_verilog_Vivado 2015.2/P7-3/P7-3.srcs/sources_1/new/adder32.v" Line 1. Module adder32 doesn't have a timescale but at least one module in design has a timescale.
WARNING: [XSIM 43-4099] "E:/Program Files_code/WORKSPACE_verilog_Vivado 2015.2/P7-3/P7-3.srcs/sources_1/new/PA4.v" Line 1. Module PA4 doesn't have a timescale but at least one module in design has a timescale.
WARNING: [XSIM 43-4099] "E:/Program Files_code/WORKSPACE_verilog_Vivado 2015.2/P7-3/P7-3.srcs/sources_1/new/PA4.v" Line 1. Module PA4 doesn't have a timescale but at least one module in design has a timescale.
WARNING: [XSIM 43-4099] "E:/Program Files_code/WORKSPACE_verilog_Vivado 2015.2/P7-3/P7-3.srcs/sources_1/new/PA4.v" Line 1. Module PA4 doesn't have a timescale but at least one module in design has a timescale.
WARNING: [XSIM 43-4099] "E:/Program Files_code/WORKSPACE_verilog_Vivado 2015.2/P7-3/P7-3.srcs/sources_1/new/PA4.v" Line 1. Module PA4 doesn't have a timescale but at least one module in design has a timescale.
WARNING: [XSIM 43-4099] "E:/Program Files_code/WORKSPACE_verilog_Vivado 2015.2/P7-3/P7-3.srcs/sources_1/new/PA4.v" Line 1. Module PA4 doesn't have a timescale but at least one module in design has a timescale.
WARNING: [XSIM 43-4099] "E:/Program Files_code/WORKSPACE_verilog_Vivado 2015.2/P7-3/P7-3.srcs/sources_1/new/PA4.v" Line 1. Module PA4 doesn't have a timescale but at least one module in design has a timescale.
WARNING: [XSIM 43-4099] "E:/Program Files_code/WORKSPACE_verilog_Vivado 2015.2/P7-3/P7-3.srcs/sources_1/new/PA4.v" Line 1. Module PA4 doesn't have a timescale but at least one module in design has a timescale.
WARNING: [XSIM 43-4099] "E:/Program Files_code/WORKSPACE_verilog_Vivado 2015.2/P7-3/P7-3.srcs/sources_1/new/PA4.v" Line 1. Module PA4 doesn't have a timescale but at least one module in design has a timescale.
Completed simulation data flow analysis
Time Resolution for simulation is 1ps
Compiling module xil_defaultlib.PA4
Compiling module xil_defaultlib.adder32
Compiling module xil_defaultlib.sub_adder32
Compiling module xil_defaultlib.test_sub_adder32
Compiling module xil_defaultlib.glbl
Waiting for 2 sub-compilation(s) to finish...
Built simulation snapshot test_sub_adder32_behav
